{"level":"info","time":"2024-12-29T22:47:18+05:30","message":"Successfully initialized application"}
{"level":"info","time":"2024-12-29T22:48:21+05:30","message":"Shutting down application"}
{"level":"info","time":"2024-12-29T22:48:21+05:30","message":"Successfully cleaned up application resources"}
{"level":"info","time":"2024-12-29T23:34:30+05:30","message":"Successfully initialized application"}
{"level":"info","time":"2024-12-29T23:48:40+05:30","message":"Shutting down application"}
{"level":"info","time":"2024-12-29T23:48:40+05:30","message":"Successfully cleaned up application resources"}
{"level":"info","time":"2024-12-29T23:48:42+05:30","message":"Successfully initialized application"}
{"level":"info","time":"2024-12-29T23:51:05+05:30","message":"Shutting down application"}
{"level":"info","time":"2024-12-29T23:51:05+05:30","message":"Successfully cleaned up application resources"}
{"level":"info","time":"2025-01-10T12:00:57+05:30","message":"Successfully initialized WebSocket manager"}
{"level":"info","time":"2025-01-10T12:00:57+05:30","message":"Successfully initialized Google Maps client"}
{"level":"info","time":"2025-01-10T12:00:57+05:30","message":"Successfully initialized application"}
{"level":"info","time":"2025-01-10T12:04:03+05:30","message":"Shutting down application"}
{"level":"info","time":"2025-01-10T12:04:03+05:30","message":"Successfully cleaned up application resources"}
{"level":"info","time":"2025-01-10T12:04:04+05:30","message":"Successfully initialized WebSocket manager"}
{"level":"info","time":"2025-01-10T12:04:04+05:30","message":"Successfully initialized Google Maps client"}
{"level":"info","time":"2025-01-10T12:04:04+05:30","message":"Successfully initialized application"}
{"level":"info","time":"2025-01-10T12:18:35+05:30","message":"Shutting down application"}
{"level":"info","time":"2025-01-10T12:18:35+05:30","message":"Successfully cleaned up application resources"}
{"level":"info","time":"2025-01-10T12:18:37+05:30","message":"Successfully initialized WebSocket manager"}
{"level":"info","time":"2025-01-10T12:18:37+05:30","message":"Successfully initialized Google Maps client"}
{"level":"info","time":"2025-01-10T12:18:37+05:30","message":"Successfully initialized application"}
