{"level":"info","time":1735409362,"caller":"/home/ujjwal/Developer/be-user-service/internal/init/init.go:80","message":"Successfully initialized application"}
{"level":"info","time":1735409447,"caller":"/home/ujjwal/Developer/be-user-service/internal/init/init.go:104","message":"Successfully cleaned up application resources"}
{"level":"info","time":1735409748,"caller":"/home/ujjwal/Developer/be-user-service/internal/init/init.go:80","message":"Successfully initialized application"}
{"level":"info","time":1735410206,"caller":"/home/ujjwal/Developer/be-user-service/internal/init/init.go:104","message":"Successfully cleaned up application resources"}
{"level":"info","time":1735410348,"caller":"/home/ujjwal/Developer/be-user-service/internal/init/init.go:47","message":"Successfully initialized application"}
{"level":"info","time":1735410475,"caller":"/home/ujjwal/Developer/be-user-service/internal/init/init.go:106","message":"Successfully cleaned up application resources"}
{"level":"info","time":1735410477,"caller":"/home/ujjwal/Developer/be-user-service/internal/init/init.go:47","message":"Successfully initialized application"}
{"level":"info","time":1735410500,"caller":"/home/ujjwal/Developer/be-user-service/internal/init/init.go:106","message":"Successfully cleaned up application resources"}
{"level":"info","time":"2024-12-29T10:36:02+05:30","message":"Successfully initialized application"}
{"level":"info","time":"2024-12-29T10:46:50+05:30","message":"Shutting down application"}
{"level":"info","time":"2024-12-29T10:46:50+05:30","message":"Successfully cleaned up application resources"}
{"level":"info","time":"2024-12-29T11:48:29+05:30","message":"Successfully initialized application"}
{"level":"info","time":"2024-12-29T12:37:12+05:30","message":"Successfully initialized application"}
{"level":"info","time":"2024-12-29T12:44:59+05:30","message":"Shutting down application"}
{"level":"info","time":"2024-12-29T12:44:59+05:30","message":"Successfully cleaned up application resources"}
{"level":"info","time":"2024-12-29T12:46:17+05:30","message":"Successfully initialized application"}
{"level":"info","time":"2024-12-29T13:27:13+05:30","message":"Successfully initialized application"}
{"level":"info","time":"2024-12-29T13:29:10+05:30","message":"Shutting down application"}
{"level":"info","time":"2024-12-29T13:29:10+05:30","message":"Successfully cleaned up application resources"}
{"level":"info","time":"2024-12-29T13:29:11+05:30","message":"Successfully initialized application"}
{"level":"info","time":"2024-12-29T14:08:23+05:30","message":"Shutting down application"}
{"level":"info","time":"2024-12-29T14:08:23+05:30","message":"Successfully cleaned up application resources"}
{"level":"info","time":"2024-12-29T14:08:25+05:30","message":"Successfully initialized application"}
{"level":"info","time":"2024-12-29T14:09:16+05:30","message":"Shutting down application"}
{"level":"info","time":"2024-12-29T14:09:16+05:30","message":"Successfully cleaned up application resources"}
{"level":"info","time":"2024-12-29T14:09:18+05:30","message":"Successfully initialized application"}
{"level":"info","time":"2024-12-29T14:11:19+05:30","message":"Shutting down application"}
{"level":"info","time":"2024-12-29T14:11:19+05:30","message":"Successfully cleaned up application resources"}
{"level":"info","time":"2024-12-29T14:11:20+05:30","message":"Successfully initialized application"}
{"level":"info","time":"2024-12-29T14:12:50+05:30","message":"Shutting down application"}
{"level":"info","time":"2024-12-29T14:12:50+05:30","message":"Successfully cleaned up application resources"}
{"level":"info","time":"2024-12-29T14:12:52+05:30","message":"Successfully initialized application"}
{"level":"info","time":"2024-12-29T14:15:33+05:30","message":"Shutting down application"}
{"level":"info","time":"2024-12-29T14:15:33+05:30","message":"Successfully cleaned up application resources"}
{"level":"info","time":"2024-12-29T14:17:55+05:30","message":"Successfully initialized application"}
{"level":"info","time":"2024-12-29T14:20:29+05:30","message":"Shutting down application"}
{"level":"info","time":"2024-12-29T14:20:29+05:30","message":"Successfully cleaned up application resources"}
{"level":"info","time":"2024-12-29T14:22:57+05:30","message":"Successfully initialized application"}
{"level":"info","time":"2024-12-29T15:00:54+05:30","message":"Shutting down application"}
{"level":"info","time":"2024-12-29T15:00:54+05:30","message":"Successfully cleaned up application resources"}
{"level":"info","time":"2024-12-29T15:03:24+05:30","message":"Successfully initialized application"}
{"level":"info","time":"2024-12-29T15:05:11+05:30","message":"Shutting down application"}
{"level":"info","time":"2024-12-29T15:05:11+05:30","message":"Successfully cleaned up application resources"}
{"level":"info","time":"2024-12-29T15:05:12+05:30","message":"Successfully initialized application"}
{"level":"info","time":"2024-12-29T15:06:29+05:30","message":"Shutting down application"}
{"level":"info","time":"2024-12-29T15:06:29+05:30","message":"Successfully cleaned up application resources"}
{"level":"info","time":"2024-12-29T15:06:30+05:30","message":"Successfully initialized application"}
{"level":"info","time":"2024-12-29T15:09:42+05:30","message":"Shutting down application"}
{"level":"info","time":"2024-12-29T15:09:42+05:30","message":"Successfully cleaned up application resources"}
{"level":"info","time":"2024-12-29T15:09:44+05:30","message":"Successfully initialized application"}
{"level":"info","time":"2024-12-29T15:10:35+05:30","message":"Shutting down application"}
{"level":"info","time":"2024-12-29T15:10:35+05:30","message":"Successfully cleaned up application resources"}
{"level":"info","time":"2024-12-29T15:10:36+05:30","message":"Successfully initialized application"}
{"level":"info","time":"2024-12-29T15:11:27+05:30","message":"Shutting down application"}
{"level":"info","time":"2024-12-29T15:11:27+05:30","message":"Successfully cleaned up application resources"}
{"level":"info","time":"2024-12-29T15:11:29+05:30","message":"Successfully initialized application"}
{"level":"info","time":"2024-12-29T15:15:41+05:30","message":"Shutting down application"}
{"level":"info","time":"2024-12-29T15:15:41+05:30","message":"Successfully cleaned up application resources"}
{"level":"info","time":"2024-12-29T15:15:42+05:30","message":"Successfully initialized application"}
{"level":"info","time":"2024-12-29T16:10:51+05:30","message":"Successfully initialized application"}
{"level":"info","time":"2024-12-29T16:11:33+05:30","message":"Shutting down application"}
{"level":"info","time":"2024-12-29T16:11:33+05:30","message":"Successfully cleaned up application resources"}
{"level":"info","time":"2024-12-29T16:12:16+05:30","message":"Successfully initialized application"}
{"level":"info","time":"2024-12-29T16:12:17+05:30","message":"Shutting down application"}
{"level":"info","time":"2024-12-29T16:12:17+05:30","message":"Successfully cleaned up application resources"}
{"level":"info","time":"2024-12-29T16:12:31+05:30","message":"Successfully initialized application"}
{"level":"info","time":"2024-12-29T16:12:51+05:30","message":"Shutting down application"}
{"level":"info","time":"2024-12-29T16:12:51+05:30","message":"Successfully cleaned up application resources"}
{"level":"info","time":"2024-12-29T20:09:53+05:30","message":"Successfully initialized application"}
{"level":"info","time":"2024-12-29T20:13:49+05:30","message":"Shutting down application"}
{"level":"info","time":"2024-12-29T20:13:49+05:30","message":"Successfully cleaned up application resources"}
{"level":"info","time":"2024-12-29T20:46:21+05:30","message":"Successfully initialized application"}
{"level":"info","time":"2024-12-29T22:05:29+05:30","message":"Shutting down application"}
{"level":"info","time":"2024-12-29T22:05:29+05:30","message":"Successfully cleaned up application resources"}
{"level":"info","time":"2024-12-29T22:07:30+05:30","message":"Successfully initialized application"}
{"level":"info","time":"2024-12-29T22:13:45+05:30","message":"Shutting down application"}
{"level":"info","time":"2024-12-29T22:13:45+05:30","message":"Successfully cleaned up application resources"}
{"level":"info","time":"2024-12-29T22:13:47+05:30","message":"Successfully initialized application"}
{"level":"info","time":"2024-12-29T22:16:18+05:30","message":"Successfully initialized application"}
{"level":"info","time":"2024-12-29T22:16:37+05:30","message":"Successfully initialized application"}
{"level":"info","time":"2024-12-29T22:17:35+05:30","message":"Successfully initialized application"}
{"level":"info","time":"2024-12-29T22:18:09+05:30","message":"Successfully initialized application"}
{"level":"info","time":"2024-12-29T22:18:30+05:30","message":"Successfully initialized application"}
{"level":"info","time":"2024-12-29T22:35:54+05:30","message":"Shutting down application"}
{"level":"info","time":"2024-12-29T22:35:54+05:30","message":"Successfully cleaned up application resources"}
{"level":"info","time":"2024-12-29T22:35:56+05:30","message":"Successfully initialized application"}
{"level":"info","time":"2024-12-29T22:35:58+05:30","message":"Shutting down application"}
{"level":"info","time":"2024-12-29T22:35:58+05:30","message":"Successfully cleaned up application resources"}
{"level":"info","time":"2024-12-29T22:44:57+05:30","message":"Successfully initialized application"}
{"level":"info","time":"2024-12-29T22:45:03+05:30","message":"Shutting down application"}
{"level":"info","time":"2024-12-29T22:45:03+05:30","message":"Successfully cleaned up application resources"}
{"level":"info","time":"2024-12-29T23:59:50+05:30","message":"Successfully initialized application"}
{"level":"info","time":"2024-12-30T00:11:52+05:30","message":"Shutting down application"}
{"level":"info","time":"2024-12-30T00:11:52+05:30","message":"Successfully cleaned up application resources"}
{"level":"info","time":"2024-12-30T00:11:54+05:30","message":"Successfully initialized application"}
{"level":"info","time":"2024-12-30T00:15:36+05:30","message":"Shutting down application"}
{"level":"info","time":"2024-12-30T00:15:36+05:30","message":"Successfully cleaned up application resources"}
{"level":"info","time":"2024-12-30T00:15:38+05:30","message":"Successfully initialized application"}
{"level":"info","time":"2024-12-30T00:16:20+05:30","message":"Shutting down application"}
{"level":"info","time":"2024-12-30T00:16:20+05:30","message":"Successfully cleaned up application resources"}
{"level":"info","time":"2024-12-30T00:16:22+05:30","message":"Successfully initialized application"}
{"level":"info","time":"2024-12-30T00:17:16+05:30","message":"Shutting down application"}
{"level":"info","time":"2024-12-30T00:17:16+05:30","message":"Successfully cleaned up application resources"}
{"level":"info","time":"2024-12-30T00:17:18+05:30","message":"Successfully initialized application"}
{"level":"info","time":"2024-12-30T00:20:38+05:30","message":"Shutting down application"}
{"level":"info","time":"2024-12-30T00:20:38+05:30","message":"Successfully cleaned up application resources"}
{"level":"info","time":"2024-12-30T00:20:48+05:30","message":"Successfully initialized application"}
{"level":"info","time":"2024-12-30T00:31:35+05:30","message":"Shutting down application"}
{"level":"info","time":"2024-12-30T00:31:35+05:30","message":"Successfully cleaned up application resources"}
{"level":"info","time":"2024-12-30T00:31:37+05:30","message":"Successfully initialized application"}
{"level":"info","time":"2024-12-30T10:31:39+05:30","message":"Successfully initialized application"}
{"level":"info","time":"2024-12-30T12:56:00+05:30","message":"Successfully initialized application"}
{"level":"info","time":"2024-12-30T12:57:28+05:30","message":"Successfully initialized application"}
{"level":"info","time":"2024-12-30T12:57:32+05:30","message":"Successfully initialized application"}
{"level":"info","time":"2024-12-30T13:01:42+05:30","message":"Successfully initialized application"}
{"level":"info","time":"2024-12-30T13:01:48+05:30","message":"Successfully initialized application"}
{"level":"info","time":"2024-12-30T13:02:15+05:30","message":"Successfully initialized application"}
{"level":"info","time":"2024-12-30T13:31:48+05:30","message":"Shutting down application"}
{"level":"info","time":"2024-12-30T13:31:48+05:30","message":"Successfully cleaned up application resources"}
{"level":"info","time":"2024-12-30T13:31:52+05:30","message":"Successfully initialized application"}
{"level":"info","time":"2024-12-30T13:34:08+05:30","message":"Shutting down application"}
{"level":"info","time":"2024-12-30T13:34:08+05:30","message":"Successfully cleaned up application resources"}
{"level":"info","time":"2024-12-30T13:39:59+05:30","message":"Successfully initialized application"}
{"level":"info","time":"2024-12-30T13:48:50+05:30","message":"Shutting down application"}
{"level":"info","time":"2024-12-30T13:48:50+05:30","message":"Successfully cleaned up application resources"}
{"level":"info","time":"2024-12-30T13:48:53+05:30","message":"Successfully initialized application"}
{"level":"info","time":"2024-12-30T13:57:29+05:30","message":"Shutting down application"}
{"level":"info","time":"2024-12-30T13:57:29+05:30","message":"Successfully cleaned up application resources"}
{"level":"info","time":"2024-12-30T13:57:31+05:30","message":"Successfully initialized application"}
{"level":"info","time":"2024-12-30T14:00:46+05:30","message":"Shutting down application"}
{"level":"info","time":"2024-12-30T14:00:46+05:30","message":"Successfully cleaned up application resources"}
{"level":"info","time":"2024-12-30T14:00:49+05:30","message":"Successfully initialized application"}
{"level":"info","time":"2024-12-30T14:04:00+05:30","message":"Shutting down application"}
{"level":"info","time":"2024-12-30T14:04:00+05:30","message":"Successfully cleaned up application resources"}
{"level":"info","time":"2024-12-30T14:04:02+05:30","message":"Successfully initialized application"}
{"level":"info","time":"2024-12-30T14:07:26+05:30","message":"Shutting down application"}
{"level":"info","time":"2024-12-30T14:07:26+05:30","message":"Successfully cleaned up application resources"}
{"level":"info","time":"2024-12-30T18:06:47+05:30","message":"Successfully initialized application"}
{"level":"error","error":"535 Authentication Failed","time":"2024-12-30T18:06:52+05:30","message":"failed to send email"}
{"level":"info","time":"2024-12-30T18:11:47+05:30","message":"Shutting down application"}
{"level":"info","time":"2024-12-30T18:11:47+05:30","message":"Successfully cleaned up application resources"}
{"level":"info","time":"2024-12-30T18:12:08+05:30","message":"Successfully initialized application"}
{"level":"error","error":"535 Authentication Failed","time":"2024-12-30T18:12:12+05:30","message":"failed to send email"}
{"level":"info","time":"2024-12-30T18:22:24+05:30","message":"Shutting down application"}
{"level":"info","time":"2024-12-30T18:22:24+05:30","message":"Successfully cleaned up application resources"}
{"level":"info","time":"2024-12-30T18:29:17+05:30","message":"Successfully initialized application"}
{"level":"error","error":"535 Authentication Failed","time":"2024-12-30T18:29:22+05:30","message":"failed to send email"}
{"level":"info","time":"2024-12-30T18:56:13+05:30","message":"Shutting down application"}
{"level":"info","time":"2024-12-30T18:56:13+05:30","message":"Successfully cleaned up application resources"}
{"level":"info","time":"2024-12-30T19:02:41+05:30","message":"Successfully initialized application"}
{"level":"error","error":"535 Authentication Failed","time":"2024-12-30T19:02:46+05:30","message":"failed to send email"}
{"level":"info","time":"2024-12-30T19:04:31+05:30","message":"Shutting down application"}
{"level":"info","time":"2024-12-30T19:04:31+05:30","message":"Successfully cleaned up application resources"}
{"level":"info","time":"2024-12-30T19:04:33+05:30","message":"Successfully initialized application"}
{"level":"error","error":"535 Authentication Failed","time":"2024-12-30T19:04:35+05:30","message":"failed to send email"}
{"level":"info","time":"2024-12-30T19:06:54+05:30","message":"Shutting down application"}
{"level":"info","time":"2024-12-30T19:06:54+05:30","message":"Successfully cleaned up application resources"}
{"level":"info","time":"2024-12-30T19:06:56+05:30","message":"Successfully initialized application"}
{"level":"error","error":"535 Authentication Failed","time":"2024-12-30T19:06:57+05:30","message":"failed to send email"}
{"level":"info","time":"2024-12-30T19:07:11+05:30","message":"Shutting down application"}
{"level":"info","time":"2024-12-30T19:07:11+05:30","message":"Successfully cleaned up application resources"}
{"level":"info","time":"2024-12-30T19:07:14+05:30","message":"Successfully initialized application"}
{"level":"error","error":"535 Authentication Failed","time":"2024-12-30T19:07:21+05:30","message":"failed to send email"}
{"level":"info","time":"2024-12-30T19:07:56+05:30","message":"Shutting down application"}
{"level":"info","time":"2024-12-30T19:07:56+05:30","message":"Successfully cleaned up application resources"}
{"level":"info","time":"2024-12-30T19:07:58+05:30","message":"Successfully initialized application"}
{"level":"error","error":"535 Authentication Failed","time":"2024-12-30T19:07:59+05:30","message":"failed to send email"}
{"level":"info","time":"2024-12-30T19:08:08+05:30","message":"Shutting down application"}
{"level":"info","time":"2024-12-30T19:08:08+05:30","message":"Successfully cleaned up application resources"}
{"level":"info","time":"2024-12-30T19:08:10+05:30","message":"Successfully initialized application"}
{"level":"error","error":"535 Authentication Failed","time":"2024-12-30T19:08:11+05:30","message":"failed to send email"}
{"level":"info","time":"2024-12-30T19:11:23+05:30","message":"Shutting down application"}
{"level":"info","time":"2024-12-30T19:11:23+05:30","message":"Successfully cleaned up application resources"}
{"level":"info","time":"2024-12-30T19:11:25+05:30","message":"Successfully initialized application"}
{"level":"error","error":"535 Authentication Failed","time":"2024-12-30T19:11:26+05:30","message":"failed to send email"}
{"level":"info","time":"2024-12-30T19:11:37+05:30","message":"Shutting down application"}
{"level":"info","time":"2024-12-30T19:11:37+05:30","message":"Successfully cleaned up application resources"}
{"level":"info","time":"2024-12-30T19:11:39+05:30","message":"Successfully initialized application"}
{"level":"error","error":"535 Authentication Failed","time":"2024-12-30T19:11:40+05:30","message":"failed to send email"}
{"level":"info","time":"2024-12-30T19:11:49+05:30","message":"Shutting down application"}
{"level":"info","time":"2024-12-30T19:11:49+05:30","message":"Successfully cleaned up application resources"}
{"level":"info","time":"2024-12-30T19:11:52+05:30","message":"Successfully initialized application"}
{"level":"error","error":"EOF","time":"2024-12-30T19:12:02+05:30","message":"failed to send email"}
{"level":"info","time":"2024-12-30T19:13:05+05:30","message":"Shutting down application"}
{"level":"info","time":"2024-12-30T19:13:05+05:30","message":"Successfully cleaned up application resources"}
{"level":"info","time":"2024-12-30T19:13:07+05:30","message":"Successfully initialized application"}
{"level":"error","error":"EOF","time":"2024-12-30T19:13:17+05:30","message":"failed to send email"}
{"level":"info","time":"2024-12-30T19:13:25+05:30","message":"Shutting down application"}
{"level":"info","time":"2024-12-30T19:13:25+05:30","message":"Successfully cleaned up application resources"}
{"level":"info","time":"2024-12-30T19:13:26+05:30","message":"Successfully initialized application"}
{"level":"error","error":"EOF","time":"2024-12-30T19:13:37+05:30","message":"failed to send email"}
{"level":"info","time":"2024-12-30T19:14:29+05:30","message":"Shutting down application"}
{"level":"info","time":"2024-12-30T19:14:29+05:30","message":"Successfully cleaned up application resources"}
{"level":"info","time":"2024-12-30T19:19:33+05:30","message":"Successfully initialized application"}
{"level":"info","time":"2024-12-30T19:21:37+05:30","message":"Successfully initialized application"}
{"level":"error","error":"EOF","time":"2024-12-30T19:21:48+05:30","message":"failed to send email"}
{"level":"info","time":"2024-12-31T12:57:38+05:30","message":"Shutting down application"}
{"level":"info","time":"2024-12-31T12:57:38+05:30","message":"Successfully cleaned up application resources"}
{"level":"info","time":"2024-12-31T12:57:41+05:30","message":"Successfully initialized application"}
{"level":"error","error":"EOF","time":"2024-12-31T12:57:52+05:30","message":"failed to send email"}
{"level":"info","time":"2024-12-31T12:58:30+05:30","message":"Shutting down application"}
{"level":"info","time":"2024-12-31T12:58:30+05:30","message":"Successfully cleaned up application resources"}
{"level":"info","time":"2024-12-31T12:58:31+05:30","message":"Successfully initialized application"}
{"level":"error","error":"EOF","time":"2024-12-31T12:58:42+05:30","message":"failed to send email"}
{"level":"info","time":"2024-12-31T12:58:49+05:30","message":"Shutting down application"}
{"level":"info","time":"2024-12-31T12:58:49+05:30","message":"Successfully cleaned up application resources"}
{"level":"info","time":"2024-12-31T13:16:21+05:30","message":"Successfully initialized application"}
{"level":"error","error":"EOF","time":"2024-12-31T13:16:31+05:30","message":"failed to send email"}
{"level":"info","time":"2024-12-31T13:17:16+05:30","message":"Shutting down application"}
{"level":"info","time":"2024-12-31T13:17:16+05:30","message":"Successfully cleaned up application resources"}
{"level":"info","time":"2024-12-31T13:17:17+05:30","message":"Successfully initialized application"}
{"level":"error","error":"EOF","time":"2024-12-31T13:17:27+05:30","message":"failed to send email"}
{"level":"info","time":"2024-12-31T13:17:32+05:30","message":"Shutting down application"}
{"level":"info","time":"2024-12-31T13:17:32+05:30","message":"Successfully cleaned up application resources"}
{"level":"info","time":"2024-12-31T13:17:33+05:30","message":"Successfully initialized application"}
{"level":"error","error":"EOF","time":"2024-12-31T13:17:43+05:30","message":"failed to send email"}
{"level":"info","time":"2024-12-31T13:18:38+05:30","message":"Shutting down application"}
{"level":"info","time":"2024-12-31T13:18:38+05:30","message":"Successfully cleaned up application resources"}
{"level":"info","time":"2024-12-31T13:40:49+05:30","message":"Successfully initialized application"}
{"level":"info","time":"2024-12-31T13:58:16+05:30","message":"Shutting down application"}
{"level":"info","time":"2024-12-31T13:58:16+05:30","message":"Successfully cleaned up application resources"}
{"level":"info","time":"2024-12-31T13:58:18+05:30","message":"Successfully initialized application"}
{"level":"info","time":"2024-12-31T13:59:15+05:30","message":"Shutting down application"}
{"level":"info","time":"2024-12-31T13:59:15+05:30","message":"Successfully cleaned up application resources"}
{"level":"info","time":"2024-12-31T14:00:44+05:30","message":"Successfully initialized application"}
{"level":"info","time":"2024-12-31T14:07:20+05:30","message":"Shutting down application"}
{"level":"info","time":"2024-12-31T14:07:20+05:30","message":"Successfully cleaned up application resources"}
{"level":"info","time":"2024-12-31T14:07:21+05:30","message":"Successfully initialized application"}
{"level":"info","time":"2024-12-31T14:09:20+05:30","message":"Shutting down application"}
{"level":"info","time":"2024-12-31T14:09:20+05:30","message":"Successfully cleaned up application resources"}
{"level":"info","time":"2024-12-31T14:22:12+05:30","message":"Successfully initialized application"}
{"level":"info","time":"2024-12-31T14:22:37+05:30","message":"Shutting down application"}
{"level":"info","time":"2024-12-31T14:22:37+05:30","message":"Successfully cleaned up application resources"}
{"level":"info","time":"2024-12-31T14:22:39+05:30","message":"Successfully initialized application"}
{"level":"info","time":"2024-12-31T14:26:10+05:30","message":"Shutting down application"}
{"level":"info","time":"2024-12-31T14:26:10+05:30","message":"Successfully cleaned up application resources"}
{"level":"info","time":"2025-01-05T13:45:25+05:30","message":"Successfully initialized application"}
{"level":"info","time":"2025-01-05T13:45:52+05:30","message":"Shutting down application"}
{"level":"info","time":"2025-01-05T13:45:52+05:30","message":"Successfully cleaned up application resources"}
{"level":"info","time":"2025-01-05T13:45:56+05:30","message":"Successfully initialized application"}
{"level":"info","time":"2025-01-05T13:57:30+05:30","message":"Shutting down application"}
{"level":"info","time":"2025-01-05T13:57:30+05:30","message":"Successfully cleaned up application resources"}
{"level":"info","time":"2025-01-05T13:57:33+05:30","message":"Successfully initialized application"}
{"level":"info","time":"2025-01-05T14:02:22+05:30","message":"Shutting down application"}
{"level":"info","time":"2025-01-05T14:02:22+05:30","message":"Successfully cleaned up application resources"}
{"level":"info","time":"2025-01-05T14:02:24+05:30","message":"Successfully initialized application"}
{"level":"info","time":"2025-01-05T14:02:47+05:30","message":"Shutting down application"}
{"level":"info","time":"2025-01-05T14:02:47+05:30","message":"Successfully cleaned up application resources"}
{"level":"info","time":"2025-01-05T14:02:49+05:30","message":"Successfully initialized application"}
{"level":"info","time":"2025-01-05T14:04:23+05:30","message":"Shutting down application"}
{"level":"info","time":"2025-01-05T14:04:23+05:30","message":"Successfully cleaned up application resources"}
{"level":"info","time":"2025-01-05T14:09:44+05:30","message":"Successfully initialized application"}
{"level":"info","time":"2025-01-05T14:24:23+05:30","message":"Shutting down application"}
{"level":"info","time":"2025-01-05T14:24:23+05:30","message":"Successfully cleaned up application resources"}
{"level":"info","time":"2025-01-05T14:25:47+05:30","message":"Successfully initialized application"}
{"level":"info","time":"2025-01-05T14:57:08+05:30","message":"Shutting down application"}
{"level":"info","time":"2025-01-05T14:57:08+05:30","message":"Successfully cleaned up application resources"}
{"level":"info","time":"2025-01-05T14:57:09+05:30","message":"Successfully initialized application"}
{"level":"info","time":"2025-01-05T15:13:35+05:30","message":"Shutting down application"}
{"level":"info","time":"2025-01-05T15:13:35+05:30","message":"Successfully cleaned up application resources"}
{"level":"info","time":"2025-01-05T15:13:37+05:30","message":"Successfully initialized application"}
{"level":"info","time":"2025-01-05T15:31:39+05:30","message":"Shutting down application"}
{"level":"info","time":"2025-01-05T15:31:39+05:30","message":"Successfully cleaned up application resources"}
{"level":"info","time":"2025-01-05T15:31:41+05:30","message":"Successfully initialized application"}
{"level":"info","time":"2025-01-05T15:42:59+05:30","message":"Shutting down application"}
{"level":"info","time":"2025-01-05T15:42:59+05:30","message":"Successfully cleaned up application resources"}
{"level":"info","time":"2025-01-05T15:43:00+05:30","message":"Successfully initialized application"}
{"level":"info","time":"2025-01-05T15:47:48+05:30","message":"Shutting down application"}
{"level":"info","time":"2025-01-05T15:47:48+05:30","message":"Successfully cleaned up application resources"}
{"level":"info","time":"2025-01-05T15:47:49+05:30","message":"Successfully initialized application"}
{"level":"info","time":"2025-01-05T15:48:26+05:30","message":"Shutting down application"}
{"level":"info","time":"2025-01-05T15:48:26+05:30","message":"Successfully cleaned up application resources"}
{"level":"info","time":"2025-01-05T16:08:13+05:30","message":"Successfully initialized application"}
